<?xml version="1.0" encoding="UTF-8"?>
<!-- Generated by org.testng.reporters.JUnitXMLReporter -->
<testsuite hostname="Murgesh" ignored="0" name="Default test" tests="3" failures="0" timestamp="24 Jun 2022 14:55:19 GMT" time="196.713" errors="0">
  <testcase name="bigBasket" time="55.612" classname="com.automation.amazonTest.AmazonFlipkart"/>
  <testcase name="testAmazon" time="69.655" classname="com.automation.amazonTest.AmazonFlipkart"/>
  <testcase name="testFlipkart" time="59.185" classname="com.automation.amazonTest.AmazonFlipkart"/>
</testsuite> <!-- Default test -->
