<?xml version="1.0" encoding="UTF-8"?>
<testng-results skipped="0" failed="0" ignored="0" total="3" passed="3">
  <reporter-output>
  </reporter-output>
  <suite name="Default suite" duration-ms="196713" started-at="2022-06-24T14:52:02Z" finished-at="2022-06-24T14:55:18Z">
    <groups>
    </groups>
    <test name="Default test" duration-ms="196713" started-at="2022-06-24T14:52:02Z" finished-at="2022-06-24T14:55:18Z">
      <class name="com.automation.amazonTest.AmazonFlipkart">
        <test-method status="PASS" signature="configBC()[pri:0, instance:com.automation.amazonTest.AmazonFlipkart@553f17c]" name="configBC" is-config="true" duration-ms="24" started-at="2022-06-24T14:52:02Z" finished-at="2022-06-24T14:52:02Z">
          <reporter-output>
          </reporter-output>
        </test-method> <!-- configBC -->
        <test-method status="PASS" signature="configBM()[pri:0, instance:com.automation.amazonTest.AmazonFlipkart@553f17c]" name="configBM" is-config="true" duration-ms="6102" started-at="2022-06-24T14:52:02Z" finished-at="2022-06-24T14:52:08Z">
          <reporter-output>
          </reporter-output>
        </test-method> <!-- configBM -->
        <test-method status="PASS" signature="bigBasket()[pri:1, instance:com.automation.amazonTest.AmazonFlipkart@553f17c]" name="bigBasket" duration-ms="55612" started-at="2022-06-24T14:52:08Z" finished-at="2022-06-24T14:53:04Z">
          <reporter-output>
          </reporter-output>
        </test-method> <!-- bigBasket -->
        <test-method status="PASS" signature="configAM()[pri:0, instance:com.automation.amazonTest.AmazonFlipkart@553f17c]" name="configAM" is-config="true" duration-ms="0" started-at="2022-06-24T14:53:04Z" finished-at="2022-06-24T14:53:04Z">
          <reporter-output>
          </reporter-output>
        </test-method> <!-- configAM -->
        <test-method status="PASS" signature="configBM()[pri:0, instance:com.automation.amazonTest.AmazonFlipkart@553f17c]" name="configBM" is-config="true" duration-ms="2741" started-at="2022-06-24T14:53:04Z" finished-at="2022-06-24T14:53:06Z">
          <reporter-output>
          </reporter-output>
        </test-method> <!-- configBM -->
        <test-method status="PASS" signature="testAmazon()[pri:2, instance:com.automation.amazonTest.AmazonFlipkart@553f17c]" name="testAmazon" duration-ms="69655" started-at="2022-06-24T14:53:06Z" finished-at="2022-06-24T14:54:16Z">
          <reporter-output>
          </reporter-output>
        </test-method> <!-- testAmazon -->
        <test-method status="PASS" signature="configAM()[pri:0, instance:com.automation.amazonTest.AmazonFlipkart@553f17c]" name="configAM" is-config="true" duration-ms="0" started-at="2022-06-24T14:54:16Z" finished-at="2022-06-24T14:54:16Z">
          <reporter-output>
          </reporter-output>
        </test-method> <!-- configAM -->
        <test-method status="PASS" signature="configBM()[pri:0, instance:com.automation.amazonTest.AmazonFlipkart@553f17c]" name="configBM" is-config="true" duration-ms="3344" started-at="2022-06-24T14:54:16Z" finished-at="2022-06-24T14:54:19Z">
          <reporter-output>
          </reporter-output>
        </test-method> <!-- configBM -->
        <test-method status="PASS" signature="testFlipkart()[pri:3, instance:com.automation.amazonTest.AmazonFlipkart@553f17c]" name="testFlipkart" duration-ms="59185" started-at="2022-06-24T14:54:19Z" finished-at="2022-06-24T14:55:18Z">
          <reporter-output>
          </reporter-output>
        </test-method> <!-- testFlipkart -->
        <test-method status="PASS" signature="configAM()[pri:0, instance:com.automation.amazonTest.AmazonFlipkart@553f17c]" name="configAM" is-config="true" duration-ms="1" started-at="2022-06-24T14:55:18Z" finished-at="2022-06-24T14:55:18Z">
          <reporter-output>
          </reporter-output>
        </test-method> <!-- configAM -->
        <test-method status="PASS" signature="configAC()[pri:0, instance:com.automation.amazonTest.AmazonFlipkart@553f17c]" name="configAC" is-config="true" duration-ms="1" started-at="2022-06-24T14:55:18Z" finished-at="2022-06-24T14:55:18Z">
          <reporter-output>
          </reporter-output>
        </test-method> <!-- configAC -->
        <test-method status="PASS" signature="configAS()[pri:0, instance:com.automation.amazonTest.AmazonFlipkart@553f17c]" name="configAS" is-config="true" duration-ms="0" started-at="2022-06-24T14:55:19Z" finished-at="2022-06-24T14:55:19Z">
          <reporter-output>
          </reporter-output>
        </test-method> <!-- configAS -->
      </class> <!-- com.automation.amazonTest.AmazonFlipkart -->
    </test> <!-- Default test -->
  </suite> <!-- Default suite -->
</testng-results>
